2026-01-30 23:08:47,277 - __main__ - INFO - Set per-monitor DPI awareness
2026-01-30 23:08:47,277 - __main__ - INFO - Starting AutoWeb application
2026-01-30 23:08:47,541 - autoweb.window_manager - INFO - WindowManager initialized successfully
2026-01-30 23:08:47,541 - autoweb.input_simulator - INFO - InputSimulator initialized. Screen: 2560x1440
2026-01-30 23:08:47,542 - autoweb.scheduler - INFO - AutomationScheduler initialized
2026-01-30 23:08:48,315 - autoweb.ui - INFO - AutoWebApp initialized
2026-01-30 23:09:59,364 - __main__ - INFO - Set per-monitor DPI awareness
2026-01-30 23:09:59,365 - __main__ - INFO - Starting AutoWeb application
2026-01-30 23:09:59,491 - autoweb.window_manager - INFO - WindowManager initialized successfully
2026-01-30 23:09:59,494 - autoweb.input_simulator - INFO - InputSimulator initialized. Screen: 2560x1440
2026-01-30 23:09:59,494 - autoweb.scheduler - INFO - AutomationScheduler initialized
2026-01-30 23:09:59,958 - autoweb.ui - INFO - AutoWebApp initialized
2026-01-30 23:10:05,159 - autoweb.scheduler - INFO - Automation loop started
2026-01-30 23:10:05,159 - autoweb.scheduler - INFO - Scheduler started
2026-01-30 23:10:05,162 - autoweb.scheduler - INFO - === Starting cycle 1 ===
2026-01-30 23:10:05,162 - autoweb.scheduler - INFO - Starting active phase for 300 seconds
2026-01-30 23:10:05,481 - autoweb.input_simulator - INFO - Random mouse movement to (938, 94)
2026-01-30 23:10:05,481 - autoweb.scheduler - INFO - Action: Mouse moved to (938, 94)
2026-01-30 23:10:08,799 - autoweb.input_simulator - INFO - Random mouse movement to (423, 569)
2026-01-30 23:10:09,018 - autoweb.input_simulator - INFO - Left click at (422, 568)
2026-01-30 23:10:09,023 - autoweb.scheduler - INFO - Action: Clicked at (423, 569)
2026-01-30 23:10:16,270 - autoweb.input_simulator - INFO - Random mouse movement to (2235, 195)
2026-01-30 23:10:16,474 - autoweb.input_simulator - INFO - Left click at (2234, 194)
2026-01-30 23:10:16,475 - autoweb.scheduler - INFO - Action: Clicked at (2235, 195)
2026-01-30 23:10:23,135 - autoweb.input_simulator - INFO - Executing Ctrl+Tab
2026-01-30 23:10:23,241 - autoweb.scheduler - INFO - Action: Switched tab (Ctrl+Tab)
2026-01-30 23:10:31,439 - autoweb.input_simulator - INFO - Random mouse movement to (1810, 1053)
2026-01-30 23:10:31,654 - autoweb.input_simulator - INFO - Left click at (1809, 1052)
2026-01-30 23:10:31,655 - autoweb.scheduler - INFO - Action: Clicked at (1810, 1053)
2026-01-30 23:10:38,138 - autoweb.input_simulator - INFO - Random mouse movement to (606, 787)
2026-01-30 23:10:38,340 - autoweb.input_simulator - INFO - Left click at (605, 786)
2026-01-30 23:10:38,340 - autoweb.scheduler - INFO - Action: Clicked at (606, 787)
2026-01-30 23:10:43,496 - autoweb.input_simulator - INFO - Random mouse movement to (2051, 570)
2026-01-30 23:10:43,496 - autoweb.scheduler - INFO - Action: Mouse moved to (2051, 570)
2026-01-30 23:10:51,481 - autoweb.input_simulator - INFO - Random mouse movement to (2276, 208)
2026-01-30 23:10:51,482 - autoweb.scheduler - INFO - Action: Mouse moved to (2276, 208)
2026-01-30 23:10:56,642 - autoweb.input_simulator - INFO - Random mouse movement to (182, 897)
2026-01-30 23:10:56,643 - autoweb.scheduler - INFO - Action: Mouse moved to (182, 897)
2026-01-30 23:11:03,044 - autoweb.input_simulator - INFO - Random mouse movement to (2082, 425)
2026-01-30 23:11:03,044 - autoweb.scheduler - INFO - Action: Mouse moved to (2082, 425)
2026-01-30 23:11:10,664 - autoweb.input_simulator - INFO - Random mouse movement to (1456, 1375)
2026-01-30 23:11:10,874 - autoweb.input_simulator - INFO - Left click at (1455, 1374)
2026-01-30 23:11:10,875 - autoweb.scheduler - INFO - Action: Clicked at (1456, 1375)
2026-01-30 23:11:14,318 - autoweb.input_simulator - INFO - Random mouse movement to (1068, 811)
2026-01-30 23:11:14,520 - autoweb.input_simulator - INFO - Left click at (1067, 810)
2026-01-30 23:11:14,521 - autoweb.scheduler - INFO - Action: Clicked at (1068, 811)
2026-01-30 23:11:20,374 - autoweb.input_simulator - INFO - Random mouse movement to (2119, 1378)
2026-01-30 23:11:20,375 - autoweb.scheduler - INFO - Action: Mouse moved to (2119, 1378)
2026-01-30 23:11:28,465 - autoweb.input_simulator - INFO - Random mouse movement to (934, 1329)
2026-01-30 23:11:28,465 - autoweb.scheduler - INFO - Action: Mouse moved to (934, 1329)
2026-01-30 23:11:33,860 - autoweb.scheduler - INFO - Stopping scheduler...
2026-01-30 23:11:35,866 - autoweb.scheduler - WARNING - Thread did not stop gracefully
2026-01-30 23:11:35,866 - autoweb.scheduler - INFO - Scheduler stopped
2026-01-30 23:11:35,869 - autoweb.scheduler - INFO - Automation loop ended
2026-01-30 23:11:38,920 - __main__ - INFO - AutoWeb application closed
2026-01-30 23:15:37,710 - __main__ - INFO - Set per-monitor DPI awareness
2026-01-30 23:15:37,710 - __main__ - INFO - Starting AutoWeb application
2026-01-30 23:15:37,799 - autoweb.window_manager - INFO - WindowManager initialized successfully
2026-01-30 23:15:37,799 - autoweb.input_simulator - INFO - InputSimulator initialized. Screen: 2560x1440
2026-01-30 23:15:37,799 - autoweb.scheduler - INFO - AutomationScheduler initialized
2026-01-30 23:15:38,439 - autoweb.ui - INFO - AutoWebApp initialized
2026-01-30 23:15:43,437 - autoweb.scheduler - INFO - Automation loop started
2026-01-30 23:15:43,437 - autoweb.scheduler - INFO - Scheduler started
2026-01-30 23:15:43,440 - autoweb.scheduler - INFO - === Starting cycle 1 ===
2026-01-30 23:15:43,440 - autoweb.scheduler - INFO - Starting active phase for 300 seconds
2026-01-30 23:15:49,277 - autoweb.input_simulator - INFO - Executing Alt+Tab
2026-01-30 23:15:49,737 - autoweb.scheduler - INFO - Action: Switched to: README.md - autoweb - Visual S...
2026-01-30 23:15:55,913 - autoweb.input_simulator - INFO - Random mouse movement to (1435, 1188)
2026-01-30 23:15:55,915 - autoweb.scheduler - INFO - Action: Mouse moved to (1435, 1188)
2026-01-30 23:16:04,953 - autoweb.input_simulator - INFO - Scrolled up by 2 clicks
2026-01-30 23:16:04,957 - autoweb.scheduler - INFO - Action: Scrolled up in README.md - autoweb ...
2026-01-30 23:16:13,902 - autoweb.input_simulator - INFO - Random mouse movement to (1111, 1165)
2026-01-30 23:16:13,905 - autoweb.scheduler - INFO - Action: Mouse moved to (1111, 1165)
2026-01-30 23:16:17,671 - autoweb.input_simulator - INFO - Random mouse movement to (2369, 497)
2026-01-30 23:16:17,672 - autoweb.scheduler - INFO - Action: Mouse moved to (2369, 497)
2026-01-30 23:16:25,505 - autoweb.input_simulator - INFO - Random mouse movement to (1098, 1367)
2026-01-30 23:16:25,506 - autoweb.scheduler - INFO - Action: Mouse moved to (1098, 1367)
2026-01-30 23:16:30,664 - autoweb.input_simulator - INFO - Scrolled down by 4 clicks
2026-01-30 23:16:30,669 - autoweb.scheduler - INFO - Action: Scrolled down in README.md - autoweb ...
2026-01-30 23:16:37,165 - autoweb.input_simulator - INFO - Executing Alt+Tab
2026-01-30 23:16:37,626 - autoweb.scheduler - INFO - Action: Switched to: AutoWeb - UI Automation Tool...
2026-01-30 23:16:46,889 - autoweb.input_simulator - INFO - Random mouse movement to (1855, 832)
2026-01-30 23:16:46,891 - autoweb.scheduler - INFO - Action: Mouse moved to (1855, 832)
2026-01-30 23:16:55,163 - autoweb.input_simulator - INFO - Random mouse movement to (1199, 268)
2026-01-30 23:16:55,165 - autoweb.scheduler - INFO - Action: Mouse moved to (1199, 268)
2026-01-30 23:17:01,708 - autoweb.input_simulator - INFO - Executing Alt+Tab
2026-01-30 23:17:02,165 - autoweb.scheduler - INFO - Action: Switched to: README.md - autoweb - Visual S...
2026-01-30 23:17:07,625 - autoweb.input_simulator - INFO - Random mouse movement to (920, 707)
2026-01-30 23:17:07,626 - autoweb.scheduler - INFO - Action: Mouse moved to (920, 707)
2026-01-30 23:17:16,995 - autoweb.input_simulator - INFO - Random mouse movement to (334, 157)
2026-01-30 23:17:16,996 - autoweb.scheduler - INFO - Action: Mouse moved to (334, 157)
2026-01-30 23:17:25,286 - autoweb.input_simulator - INFO - Left click at (2438, 1427)
2026-01-30 23:17:25,287 - autoweb.input_simulator - INFO - Safe click at edge position (2439, 1428)
2026-01-30 23:17:25,290 - autoweb.scheduler - INFO - Action: Safe click at (2439, 1428) - edges only
2026-01-30 23:17:34,896 - autoweb.input_simulator - INFO - Random mouse movement to (2272, 546)
2026-01-30 23:17:34,901 - autoweb.scheduler - INFO - Action: Mouse moved to (2272, 546)
2026-01-30 23:17:40,412 - autoweb.input_simulator - INFO - Random mouse movement to (258, 660)
2026-01-30 23:17:40,416 - autoweb.scheduler - INFO - Action: Mouse moved to (258, 660)
2026-01-30 23:17:45,798 - autoweb.input_simulator - INFO - Executing Alt+Tab
2026-01-30 23:17:46,260 - autoweb.scheduler - INFO - Action: Switched to: README.md - autoweb - Visual S...
2026-01-30 23:17:55,296 - autoweb.input_simulator - INFO - Executing Alt+Tab
2026-01-30 23:17:55,758 - autoweb.scheduler - INFO - Action: Switched to: README.md - autoweb - Visual S...
2026-01-30 23:18:04,328 - autoweb.input_simulator - INFO - Scrolled up by 4 clicks
2026-01-30 23:18:04,331 - autoweb.scheduler - INFO - Action: Scrolled up in README.md - autoweb ...
2026-01-30 23:18:08,341 - autoweb.input_simulator - INFO - Left click at (2529, 662)
2026-01-30 23:18:08,341 - autoweb.input_simulator - INFO - Safe click at edge position (2530, 663)
2026-01-30 23:18:08,343 - autoweb.scheduler - INFO - Action: Safe click at (2530, 663) - edges only
2026-01-30 23:18:16,731 - autoweb.input_simulator - INFO - Executing Alt+Tab
2026-01-30 23:18:17,190 - autoweb.scheduler - INFO - Action: Switched to: PowerToys.PowerLauncher...
2026-01-30 23:18:25,794 - autoweb.input_simulator - INFO - Random mouse movement to (1362, 988)
2026-01-30 23:18:25,795 - autoweb.scheduler - INFO - Action: Mouse moved to (1362, 988)
2026-01-30 23:18:31,091 - autoweb.input_simulator - INFO - Random mouse movement to (1657, 751)
2026-01-30 23:18:31,097 - autoweb.scheduler - INFO - Action: Mouse moved to (1657, 751)
2026-01-30 23:18:38,584 - autoweb.input_simulator - INFO - Executing Ctrl+Tab
2026-01-30 23:18:38,694 - autoweb.scheduler - INFO - Action: Switched tab (Ctrl+Tab)
2026-01-30 23:18:40,703 - autoweb.scheduler - INFO - Stopping scheduler...
2026-01-30 23:18:42,713 - autoweb.scheduler - WARNING - Thread did not stop gracefully
2026-01-30 23:18:42,714 - autoweb.scheduler - INFO - Scheduler stopped
2026-01-30 23:18:42,761 - __main__ - INFO - AutoWeb application closed
2026-01-30 23:18:45,543 - __main__ - INFO - AutoWeb application closed
2026-01-30 23:18:49,414 - __main__ - INFO - Set per-monitor DPI awareness
2026-01-30 23:18:49,416 - __main__ - INFO - Starting AutoWeb application
2026-01-30 23:18:49,509 - autoweb.window_manager - INFO - WindowManager initialized successfully
2026-01-30 23:18:49,509 - autoweb.input_simulator - INFO - InputSimulator initialized. Screen: 2560x1440
2026-01-30 23:18:49,510 - autoweb.scheduler - INFO - AutomationScheduler initialized
2026-01-30 23:18:50,095 - autoweb.ui - INFO - AutoWebApp initialized
2026-01-30 23:18:59,905 - autoweb.scheduler - INFO - Automation loop started
2026-01-30 23:18:59,905 - autoweb.scheduler - INFO - Scheduler started
2026-01-30 23:18:59,908 - autoweb.scheduler - INFO - === Starting cycle 1 ===
2026-01-30 23:18:59,908 - autoweb.scheduler - INFO - Starting active phase for 300 seconds
2026-01-30 23:19:07,567 - autoweb.input_simulator - INFO - Random mouse movement to (450, 332)
2026-01-30 23:19:07,569 - autoweb.scheduler - INFO - Action: Mouse moved to (450, 332)
2026-01-30 23:19:15,520 - autoweb.input_simulator - INFO - Executing Alt+Tab
2026-01-30 23:19:15,976 - autoweb.scheduler - INFO - Action: Switched to: README.md - autoweb - Visual S...
2026-01-30 23:19:21,620 - autoweb.input_simulator - INFO - Scrolled up by 4 clicks
2026-01-30 23:19:21,623 - autoweb.scheduler - INFO - Action: Scrolled up in README.md - autoweb ...
2026-01-30 23:19:29,281 - autoweb.input_simulator - INFO - Executing Ctrl+Tab
2026-01-30 23:19:29,389 - autoweb.scheduler - INFO - Action: Switched tab (Ctrl+Tab)
2026-01-30 23:19:33,963 - autoweb.input_simulator - INFO - Executing Ctrl+Tab
2026-01-30 23:19:34,073 - autoweb.scheduler - INFO - Action: Switched tab (Ctrl+Tab)
2026-01-30 23:19:42,957 - autoweb.input_simulator - INFO - Random mouse movement to (2062, 326)
2026-01-30 23:19:42,958 - autoweb.scheduler - INFO - Action: Mouse moved to (2062, 326)
2026-01-30 23:19:53,254 - autoweb.input_simulator - INFO - Random mouse movement to (1679, 1107)
2026-01-30 23:19:53,256 - autoweb.scheduler - INFO - Action: Mouse moved to (1679, 1107)
2026-01-30 23:19:57,518 - autoweb.input_simulator - INFO - Scrolled down by 4 clicks
2026-01-30 23:19:57,524 - autoweb.scheduler - INFO - Action: Scrolled down in README.md - autoweb ...
2026-01-30 23:20:03,164 - autoweb.input_simulator - INFO - Scrolled down by 1 clicks
2026-01-30 23:20:03,182 - autoweb.scheduler - INFO - Action: Scrolled down in README.md - autoweb ...
2026-01-30 23:20:13,489 - autoweb.input_simulator - INFO - Left click at (2493, 1404)
2026-01-30 23:20:13,492 - autoweb.input_simulator - INFO - Safe click at edge position (2494, 1405)
2026-01-30 23:20:13,501 - autoweb.scheduler - INFO - Action: Safe click at (2494, 1405) - edges only
2026-01-30 23:20:21,623 - autoweb.input_simulator - INFO - Random mouse movement to (2156, 511)
2026-01-30 23:20:21,625 - autoweb.scheduler - INFO - Action: Mouse moved to (2156, 511)
2026-01-30 23:20:25,784 - autoweb.input_simulator - INFO - Random mouse movement to (1233, 729)
2026-01-30 23:20:25,785 - autoweb.scheduler - INFO - Action: Mouse moved to (1233, 729)
2026-01-30 23:20:31,694 - autoweb.scheduler - INFO - Stopping scheduler...
2026-01-30 23:20:33,699 - autoweb.scheduler - WARNING - Thread did not stop gracefully
2026-01-30 23:20:33,701 - autoweb.scheduler - INFO - Scheduler stopped
2026-01-30 23:20:33,704 - autoweb.scheduler - INFO - Automation loop ended
2026-01-30 23:20:34,952 - __main__ - INFO - AutoWeb application closed
2026-01-30 23:21:20,034 - __main__ - INFO - Set per-monitor DPI awareness
2026-01-30 23:21:20,034 - __main__ - INFO - Starting AutoWeb application
2026-01-30 23:21:20,141 - autoweb.window_manager - INFO - WindowManager initialized successfully
2026-01-30 23:21:20,141 - autoweb.input_simulator - INFO - InputSimulator initialized. Screen: 2560x1440
2026-01-30 23:21:20,141 - autoweb.scheduler - INFO - AutomationScheduler initialized
2026-01-30 23:21:20,573 - autoweb.ui - INFO - AutoWebApp initialized
2026-01-30 23:21:44,239 - autoweb.scheduler - INFO - Automation loop started
2026-01-30 23:21:44,239 - autoweb.scheduler - INFO - Scheduler started
2026-01-30 23:21:44,241 - autoweb.scheduler - INFO - === Starting cycle 1 ===
2026-01-30 23:21:44,241 - autoweb.scheduler - INFO - Starting active phase for 300 seconds
2026-01-30 23:21:46,468 - autoweb.input_simulator - INFO - Random mouse movement to (698, 50)
2026-01-30 23:21:46,471 - autoweb.scheduler - INFO - Action: Mouse moved to (698, 50)
2026-01-30 23:21:48,595 - autoweb.input_simulator - INFO - Random mouse movement to (779, 476)
2026-01-30 23:21:48,598 - autoweb.scheduler - INFO - Action: Mouse moved to (779, 476)
2026-01-30 23:21:50,217 - autoweb.input_simulator - INFO - Random mouse movement to (594, 670)
2026-01-30 23:21:50,220 - autoweb.scheduler - INFO - Action: Mouse moved to (594, 670)
2026-01-30 23:21:52,041 - autoweb.input_simulator - INFO - Executing Alt+Tab
2026-01-30 23:21:52,503 - autoweb.scheduler - INFO - Action: Switched to: README.md - autoweb - Visual S...
2026-01-30 23:21:54,227 - autoweb.input_simulator - INFO - Executing Alt+Tab
2026-01-30 23:21:54,686 - autoweb.scheduler - INFO - Action: Switched to: AutoWeb - UI Automation Tool...
2026-01-30 23:21:56,512 - autoweb.input_simulator - INFO - Random mouse movement to (822, 572)
2026-01-30 23:21:56,514 - autoweb.scheduler - INFO - Action: Mouse moved to (822, 572)
2026-01-30 23:21:58,637 - autoweb.input_simulator - INFO - Random mouse movement to (1704, 892)
2026-01-30 23:21:58,640 - autoweb.scheduler - INFO - Action: Mouse moved to (1704, 892)
2026-01-30 23:22:00,555 - autoweb.input_simulator - INFO - Executing Alt+Tab
2026-01-30 23:22:01,015 - autoweb.scheduler - INFO - Action: Switched to: README.md - autoweb - Visual S...
2026-01-30 23:22:02,744 - autoweb.input_simulator - INFO - Random mouse movement to (1843, 520)
2026-01-30 23:22:02,746 - autoweb.scheduler - INFO - Action: Mouse moved to (1843, 520)
2026-01-30 23:22:03,856 - autoweb.input_simulator - INFO - Scrolled down by 2 clicks
2026-01-30 23:22:03,862 - autoweb.scheduler - INFO - Action: Scrolled down in README.md - autoweb ...
2026-01-30 23:22:05,678 - autoweb.input_simulator - INFO - Executing Alt+Tab
2026-01-30 23:22:06,138 - autoweb.scheduler - INFO - Action: Switched to: AutoWeb - UI Automation Tool...
2026-01-30 23:22:08,062 - autoweb.input_simulator - INFO - Executing Alt+Tab
2026-01-30 23:22:08,533 - autoweb.scheduler - INFO - Action: Switched to: README.md - autoweb - Visual S...
2026-01-30 23:22:10,086 - autoweb.input_simulator - INFO - Random mouse movement to (2252, 671)
2026-01-30 23:22:10,090 - autoweb.scheduler - INFO - Action: Mouse moved to (2252, 671)
2026-01-30 23:22:11,318 - autoweb.input_simulator - INFO - Executing Ctrl+Tab
2026-01-30 23:22:11,430 - autoweb.scheduler - INFO - Action: Switched tab (Ctrl+Tab)
2026-01-30 23:22:13,388 - autoweb.input_simulator - INFO - Random mouse movement to (1214, 377)
2026-01-30 23:22:13,390 - autoweb.scheduler - INFO - Action: Mouse moved to (1214, 377)
2026-01-30 23:22:14,947 - autoweb.input_simulator - INFO - Random mouse movement to (2281, 800)
2026-01-30 23:22:14,955 - autoweb.scheduler - INFO - Action: Mouse moved to (2281, 800)
2026-01-30 23:22:16,722 - autoweb.input_simulator - INFO - Random mouse movement to (1587, 896)
2026-01-30 23:22:16,724 - autoweb.scheduler - INFO - Action: Mouse moved to (1587, 896)
2026-01-30 23:22:18,676 - autoweb.input_simulator - INFO - Random mouse movement to (1234, 354)
2026-01-30 23:22:18,679 - autoweb.scheduler - INFO - Action: Mouse moved to (1234, 354)
2026-01-30 23:22:20,108 - autoweb.input_simulator - INFO - Executing Alt+Tab
2026-01-30 23:22:20,567 - autoweb.scheduler - INFO - Action: Switched to: AutoWeb - UI Automation Tool...
2026-01-30 23:22:21,980 - autoweb.input_simulator - INFO - Executing Alt+Tab
2026-01-30 23:22:22,460 - autoweb.scheduler - INFO - Action: Switched to: ● main.py - autoweb - Visual S...
2026-01-30 23:22:24,234 - autoweb.input_simulator - INFO - Random mouse movement to (581, 304)
2026-01-30 23:22:24,239 - autoweb.scheduler - INFO - Action: Mouse moved to (581, 304)
2026-01-30 23:22:25,775 - autoweb.input_simulator - INFO - Executing Alt+Tab
2026-01-30 23:22:26,234 - autoweb.scheduler - INFO - Action: Switched to: AutoWeb - UI Automation Tool...
2026-01-30 23:22:28,051 - autoweb.input_simulator - INFO - Executing Alt+Tab
2026-01-30 23:22:28,517 - autoweb.scheduler - INFO - Action: Switched to: ● main.py - autoweb - Visual S...
2026-01-30 23:22:30,874 - autoweb.input_simulator - INFO - Random mouse movement to (1473, 473)
2026-01-30 23:22:30,879 - autoweb.scheduler - INFO - Action: Mouse moved to (1473, 473)
2026-01-30 23:22:32,222 - autoweb.input_simulator - INFO - Scrolled up by 3 clicks
2026-01-30 23:22:32,225 - autoweb.scheduler - INFO - Action: Scrolled up in ● main.py - autoweb ...
2026-01-30 23:22:34,488 - autoweb.input_simulator - INFO - Random mouse movement to (128, 1152)
2026-01-30 23:22:34,494 - autoweb.scheduler - INFO - Action: Mouse moved to (128, 1152)
2026-01-30 23:22:36,532 - autoweb.input_simulator - INFO - Random mouse movement to (1851, 1063)
2026-01-30 23:22:36,537 - autoweb.scheduler - INFO - Action: Mouse moved to (1851, 1063)
2026-01-30 23:22:38,793 - autoweb.input_simulator - INFO - Random mouse movement to (2078, 1328)
2026-01-30 23:22:38,796 - autoweb.scheduler - INFO - Action: Mouse moved to (2078, 1328)
2026-01-30 23:22:40,749 - autoweb.input_simulator - INFO - Executing Ctrl+Tab
2026-01-30 23:22:40,864 - autoweb.scheduler - INFO - Action: Switched tab (Ctrl+Tab)
2026-01-30 23:22:42,714 - autoweb.input_simulator - INFO - Scrolled up by 4 clicks
2026-01-30 23:22:42,722 - autoweb.scheduler - INFO - Action: Scrolled up in ● main.py - autoweb ...
2026-01-30 23:22:44,981 - autoweb.input_simulator - INFO - Random mouse movement to (408, 1171)
2026-01-30 23:22:44,986 - autoweb.scheduler - INFO - Action: Mouse moved to (408, 1171)
2026-01-30 23:22:46,322 - autoweb.input_simulator - INFO - Executing Alt+Tab
2026-01-30 23:22:46,783 - autoweb.scheduler - INFO - Action: Switched to: AutoWeb - UI Automation Tool...
2026-01-30 23:22:48,305 - autoweb.input_simulator - INFO - Random mouse movement to (1621, 1139)
2026-01-30 23:22:48,308 - autoweb.scheduler - INFO - Action: Mouse moved to (1621, 1139)
2026-01-30 23:22:49,830 - autoweb.input_simulator - INFO - Scrolled down by 2 clicks
2026-01-30 23:22:49,839 - autoweb.scheduler - INFO - Action: Scrolled down in ● main.py - autoweb ...
2026-01-30 23:22:51,379 - autoweb.input_simulator - INFO - Random mouse movement to (1450, 1263)
2026-01-30 23:22:51,382 - autoweb.scheduler - INFO - Action: Mouse moved to (1450, 1263)
2026-01-30 23:22:52,050 - autoweb.scheduler - INFO - Stopping scheduler...
2026-01-30 23:22:54,064 - autoweb.scheduler - WARNING - Thread did not stop gracefully
2026-01-30 23:22:54,065 - autoweb.scheduler - INFO - Scheduler stopped
2026-01-30 23:22:54,068 - autoweb.scheduler - INFO - Automation loop ended
2026-01-30 23:26:13,650 - __main__ - INFO - Set per-monitor DPI awareness
2026-01-30 23:26:13,650 - __main__ - INFO - Starting AutoWeb application
2026-01-30 23:26:13,745 - autoweb.window_manager - INFO - WindowManager initialized successfully
2026-01-30 23:26:13,746 - autoweb.input_simulator - INFO - InputSimulator initialized. Screen: 2560x1440
2026-01-30 23:26:13,746 - autoweb.scheduler - INFO - AutomationScheduler initialized
2026-01-30 23:26:14,416 - autoweb.ui - INFO - AutoWebApp initialized
2026-01-30 23:26:23,111 - autoweb.ui - INFO - Window transparency set to 180
2026-01-30 23:26:23,111 - autoweb.ui - INFO - Win+F12 hotkey registered
2026-01-30 23:26:23,141 - autoweb.scheduler - INFO - Automation loop started
2026-01-30 23:26:23,141 - autoweb.scheduler - INFO - Scheduler started
2026-01-30 23:26:23,143 - autoweb.scheduler - INFO - === Starting cycle 1 ===
2026-01-30 23:26:23,143 - autoweb.scheduler - INFO - Starting active phase for 300 seconds
2026-01-30 23:26:30,190 - autoweb.input_simulator - INFO - Executing Ctrl+Tab
2026-01-30 23:26:30,296 - autoweb.scheduler - INFO - Action: Switched tab (Ctrl+Tab)
2026-01-30 23:26:38,545 - autoweb.input_simulator - INFO - Executing Alt+Tab
2026-01-30 23:26:39,209 - autoweb.scheduler - INFO - Action: Switched to: ● main.py - autoweb - Visual S...
2026-01-30 23:26:48,994 - autoweb.input_simulator - INFO - Random mouse movement to (1239, 1017)
2026-01-30 23:26:48,996 - autoweb.scheduler - INFO - Action: Mouse moved to (1239, 1017)
2026-01-30 23:26:52,933 - autoweb.input_simulator - INFO - Random mouse movement to (1232, 1379)
2026-01-30 23:26:52,935 - autoweb.scheduler - INFO - Action: Mouse moved to (1232, 1379)
2026-01-30 23:26:58,674 - autoweb.input_simulator - INFO - Executing Alt+Tab
2026-01-30 23:26:59,336 - autoweb.scheduler - INFO - Action: Switched to: AutoWeb - UI Automation Tool...
2026-01-30 23:27:04,983 - autoweb.input_simulator - INFO - Random mouse movement to (1006, 777)
2026-01-30 23:27:04,985 - autoweb.scheduler - INFO - Action: Mouse moved to (1006, 777)
2026-01-30 23:27:10,830 - autoweb.input_simulator - INFO - Random mouse movement to (2486, 656)
2026-01-30 23:27:10,832 - autoweb.scheduler - INFO - Action: Mouse moved to (2486, 656)
2026-01-30 23:27:16,779 - autoweb.input_simulator - INFO - Random mouse movement to (1725, 166)
2026-01-30 23:27:16,781 - autoweb.scheduler - INFO - Action: Mouse moved to (1725, 166)
2026-01-30 23:27:22,724 - autoweb.input_simulator - INFO - Executing Alt+Tab
2026-01-30 23:27:23,385 - autoweb.scheduler - INFO - Action: Switched to: ● main.py - autoweb - Visual S...
2026-01-30 23:27:31,946 - autoweb.input_simulator - INFO - Random mouse movement to (2397, 829)
2026-01-30 23:27:31,949 - autoweb.scheduler - INFO - Action: Mouse moved to (2397, 829)
2026-01-30 23:27:36,479 - autoweb.input_simulator - INFO - Executing Ctrl+Tab
2026-01-30 23:27:36,585 - autoweb.scheduler - INFO - Action: Switched tab (Ctrl+Tab)
2026-01-30 23:27:43,237 - autoweb.input_simulator - INFO - Random mouse movement to (855, 143)
2026-01-30 23:27:43,240 - autoweb.scheduler - INFO - Action: Mouse moved to (855, 143)
2026-01-30 23:27:49,085 - autoweb.input_simulator - INFO - Scrolled up by 4 clicks
2026-01-30 23:27:49,092 - autoweb.scheduler - INFO - Action: Scrolled up in README.md - autoweb ...
2026-01-30 23:27:57,069 - autoweb.input_simulator - INFO - Random mouse movement to (480, 117)
2026-01-30 23:27:57,072 - autoweb.scheduler - INFO - Action: Mouse moved to (480, 117)
2026-01-30 23:28:05,753 - autoweb.input_simulator - INFO - Left click at (1573, 18)
2026-01-30 23:28:05,754 - autoweb.input_simulator - INFO - Safe click at edge position (1574, 19)
2026-01-30 23:28:05,757 - autoweb.scheduler - INFO - Action: Safe click at (1574, 19) - edges only
2026-01-30 23:28:11,903 - autoweb.input_simulator - INFO - Executing Alt+Tab
2026-01-30 23:28:12,563 - autoweb.scheduler - INFO - Action: Switched to: AutoWeb - UI Automation Tool...
2026-01-30 23:28:16,599 - autoweb.input_simulator - INFO - Random mouse movement to (2479, 104)
2026-01-30 23:28:16,602 - autoweb.scheduler - INFO - Action: Mouse moved to (2479, 104)
2026-01-30 23:28:25,465 - autoweb.input_simulator - INFO - Random mouse movement to (216, 100)
2026-01-30 23:28:25,468 - autoweb.scheduler - INFO - Action: Mouse moved to (216, 100)
2026-01-30 23:28:35,648 - autoweb.input_simulator - INFO - Left click at (2439, 1396)
2026-01-30 23:28:35,648 - autoweb.input_simulator - INFO - Safe click at edge position (2440, 1397)
2026-01-30 23:28:35,658 - autoweb.scheduler - INFO - Action: Safe click at (2440, 1397) - edges only
2026-01-30 23:28:43,529 - autoweb.input_simulator - INFO - Random mouse movement to (1434, 154)
2026-01-30 23:28:43,532 - autoweb.scheduler - INFO - Action: Mouse moved to (1434, 154)
2026-01-30 23:28:48,258 - autoweb.scheduler - INFO - Stopping scheduler...
2026-01-30 23:28:50,274 - autoweb.scheduler - WARNING - Thread did not stop gracefully
2026-01-30 23:28:50,275 - autoweb.scheduler - INFO - Scheduler stopped
2026-01-30 23:28:50,279 - autoweb.scheduler - INFO - Automation loop ended
2026-01-30 23:28:58,166 - autoweb.scheduler - INFO - Automation loop started
2026-01-30 23:28:58,166 - autoweb.scheduler - INFO - Scheduler started
2026-01-30 23:28:58,168 - autoweb.scheduler - INFO - === Starting cycle 1 ===
2026-01-30 23:28:58,168 - autoweb.scheduler - INFO - Starting active phase for 300 seconds
2026-01-30 23:29:06,721 - autoweb.input_simulator - INFO - Executing Ctrl+Tab
2026-01-30 23:29:06,828 - autoweb.scheduler - INFO - Action: Switched tab (Ctrl+Tab)
2026-01-30 23:29:10,759 - autoweb.input_simulator - INFO - Random mouse movement to (583, 1042)
2026-01-30 23:29:10,761 - autoweb.scheduler - INFO - Action: Mouse moved to (583, 1042)
2026-01-30 23:29:12,356 - autoweb.scheduler - INFO - Stopping scheduler...
2026-01-30 23:29:14,358 - autoweb.scheduler - WARNING - Thread did not stop gracefully
2026-01-30 23:29:14,358 - autoweb.scheduler - INFO - Scheduler stopped
2026-01-30 23:29:14,361 - autoweb.scheduler - INFO - Automation loop ended
2026-01-30 23:29:51,151 - autoweb.ui - INFO - Win+F12 hotkey unregistered
2026-01-30 23:29:51,282 - __main__ - INFO - AutoWeb application closed
2026-01-30 23:30:46,367 - __main__ - INFO - Set per-monitor DPI awareness
2026-01-30 23:30:46,368 - __main__ - INFO - Starting AutoWeb application
2026-01-30 23:30:46,483 - autoweb.window_manager - INFO - WindowManager initialized successfully
2026-01-30 23:30:46,483 - autoweb.input_simulator - INFO - InputSimulator initialized. Screen: 2560x1440
2026-01-30 23:30:46,483 - autoweb.scheduler - INFO - AutomationScheduler initialized
2026-01-30 23:30:47,380 - autoweb.ui - INFO - AutoWebApp initialized
2026-01-30 23:31:01,287 - autoweb.ui - INFO - Window transparency set to 1
2026-01-30 23:31:01,288 - autoweb.ui - INFO - Win+F12 hotkey registered
2026-01-30 23:31:01,328 - autoweb.scheduler - INFO - Automation loop started
2026-01-30 23:31:01,328 - autoweb.scheduler - INFO - Scheduler started
2026-01-30 23:31:01,330 - autoweb.scheduler - INFO - === Starting cycle 1 ===
2026-01-30 23:31:01,330 - autoweb.scheduler - INFO - Starting active phase for 300 seconds
2026-01-30 23:31:02,346 - autoweb.window_manager - INFO - Switched to window with handle 68994
2026-01-30 23:31:02,652 - autoweb.scheduler - INFO - Action: Switched to: C:\Users\kamransohail\Desktop\...
2026-01-30 23:31:03,982 - autoweb.input_simulator - INFO - Left click at (2469, 1403)
2026-01-30 23:31:03,982 - autoweb.input_simulator - INFO - Safe click at edge position (2470, 1404)
2026-01-30 23:31:03,990 - autoweb.scheduler - INFO - Action: Safe click at (2470, 1404) - edges only
2026-01-30 23:31:05,006 - autoweb.input_simulator - INFO - Executing Ctrl+Tab
2026-01-30 23:31:05,112 - autoweb.scheduler - INFO - Action: Switched tab (Ctrl+Tab)
2026-01-30 23:31:06,461 - autoweb.window_manager - INFO - Switched to window 7474984 using thread attachment
2026-01-30 23:31:06,768 - autoweb.scheduler - INFO - Action: Switched to: Quick settings...
2026-01-30 23:31:08,108 - autoweb.input_simulator - INFO - Random mouse movement to (335, 978)
2026-01-30 23:31:08,115 - autoweb.scheduler - INFO - Action: Mouse moved to (335, 978)
2026-01-30 23:31:09,138 - autoweb.input_simulator - INFO - Executing Ctrl+Tab
2026-01-30 23:31:09,247 - autoweb.scheduler - INFO - Action: Switched tab (Ctrl+Tab)
2026-01-30 23:31:10,583 - autoweb.input_simulator - INFO - Random mouse movement to (1967, 903)
2026-01-30 23:31:10,591 - autoweb.scheduler - INFO - Action: Mouse moved to (1967, 903)
2026-01-30 23:31:11,921 - autoweb.input_simulator - INFO - Random mouse movement to (1830, 482)
2026-01-30 23:31:11,925 - autoweb.scheduler - INFO - Action: Mouse moved to (1830, 482)
2026-01-30 23:31:12,987 - autoweb.window_manager - INFO - Switched to window 5378004 using thread attachment
2026-01-30 23:31:13,293 - autoweb.scheduler - INFO - Action: Switched to: Quick settings...
2026-01-30 23:31:14,631 - autoweb.input_simulator - INFO - Random mouse movement to (1248, 791)
2026-01-30 23:31:14,639 - autoweb.scheduler - INFO - Action: Mouse moved to (1248, 791)
2026-01-30 23:31:15,680 - autoweb.window_manager - INFO - Switched to window 7474984 using thread attachment
2026-01-30 23:31:15,992 - autoweb.scheduler - INFO - Action: Switched to: Quick settings...
2026-01-30 23:31:17,025 - autoweb.window_manager - INFO - Switched to window 13439702 using thread attachment
2026-01-30 23:31:17,348 - autoweb.scheduler - INFO - Action: Switched to: Quick settings...
2026-01-30 23:31:18,411 - autoweb.window_manager - INFO - Switched to window with handle 1312712
2026-01-30 23:31:18,721 - autoweb.scheduler - INFO - Action: Switched to: IT-619~KAMRANSOHAIL...
2026-01-30 23:31:20,067 - autoweb.input_simulator - INFO - Random mouse movement to (2215, 172)
2026-01-30 23:31:20,071 - autoweb.scheduler - INFO - Action: Mouse moved to (2215, 172)
2026-01-30 23:31:23,305 - autoweb.window_manager - INFO - Switched to window with handle 4522554
2026-01-30 23:31:23,612 - autoweb.scheduler - INFO - Action: Switched to: MMWPOC (Running) - Microsoft V...
2026-01-30 23:31:24,948 - autoweb.input_simulator - INFO - Random mouse movement to (2323, 770)
2026-01-30 23:31:24,953 - autoweb.scheduler - INFO - Action: Mouse moved to (2323, 770)
2026-01-30 23:31:26,274 - autoweb.input_simulator - INFO - Random mouse movement to (1826, 1359)
2026-01-30 23:31:26,276 - autoweb.scheduler - INFO - Action: Mouse moved to (1826, 1359)
2026-01-30 23:31:27,594 - autoweb.input_simulator - INFO - Random mouse movement to (1440, 141)
2026-01-30 23:31:27,596 - autoweb.scheduler - INFO - Action: Mouse moved to (1440, 141)
2026-01-30 23:31:28,913 - autoweb.input_simulator - INFO - Random mouse movement to (1546, 364)
2026-01-30 23:31:28,915 - autoweb.scheduler - INFO - Action: Mouse moved to (1546, 364)
2026-01-30 23:31:30,231 - autoweb.input_simulator - INFO - Random mouse movement to (125, 656)
2026-01-30 23:31:30,233 - autoweb.scheduler - INFO - Action: Mouse moved to (125, 656)
2026-01-30 23:31:31,548 - autoweb.input_simulator - INFO - Random mouse movement to (1742, 78)
2026-01-30 23:31:31,552 - autoweb.scheduler - INFO - Action: Mouse moved to (1742, 78)
2026-01-30 23:31:32,877 - autoweb.input_simulator - INFO - Random mouse movement to (1046, 208)
2026-01-30 23:31:32,885 - autoweb.scheduler - INFO - Action: Mouse moved to (1046, 208)
2026-01-30 23:31:33,916 - autoweb.window_manager - INFO - Switched to window with handle 69356
2026-01-30 23:31:34,234 - autoweb.scheduler - INFO - Action: Switched to: Running Devices - CenseoMobile...
2026-01-30 23:31:35,268 - autoweb.input_simulator - INFO - Executing Ctrl+Tab
2026-01-30 23:31:35,377 - autoweb.scheduler - INFO - Action: Switched tab (Ctrl+Tab)
2026-01-30 23:31:36,420 - autoweb.window_manager - INFO - Switched to window with handle 13439702
2026-01-30 23:31:36,731 - autoweb.scheduler - INFO - Action: Switched to: AutoWeb - UI Automation Tool...
2026-01-30 23:31:37,760 - autoweb.window_manager - INFO - Switched to window with handle 68994
2026-01-30 23:31:38,072 - autoweb.scheduler - INFO - Action: Switched to: C:\Users\kamransohail\Desktop\...
2026-01-30 23:31:39,431 - autoweb.input_simulator - INFO - Random mouse movement to (877, 355)
2026-01-30 23:31:39,439 - autoweb.scheduler - INFO - Action: Mouse moved to (877, 355)
2026-01-30 23:31:40,454 - autoweb.input_simulator - INFO - Executing Ctrl+Tab
2026-01-30 23:31:40,568 - autoweb.scheduler - INFO - Action: Switched tab (Ctrl+Tab)
2026-01-30 23:31:41,894 - autoweb.window_manager - INFO - Switched to window 197900 using thread attachment
2026-01-30 23:31:42,201 - autoweb.scheduler - INFO - Action: Switched to: Search...
2026-01-30 23:31:43,254 - autoweb.window_manager - INFO - Switched to window 1442284 using thread attachment
2026-01-30 23:31:43,558 - autoweb.scheduler - INFO - Action: Switched to: Search...
2026-01-30 23:31:45,633 - autoweb.window_manager - INFO - Switched to window 201250 using thread attachment
2026-01-30 23:31:45,973 - autoweb.scheduler - INFO - Action: Switched to: Unknown...
2026-01-30 23:31:47,327 - autoweb.input_simulator - INFO - Random mouse movement to (1358, 105)
2026-01-30 23:31:47,330 - autoweb.scheduler - INFO - Action: Mouse moved to (1358, 105)
2026-01-30 23:31:48,367 - autoweb.window_manager - INFO - Switched to window with handle 8850380
2026-01-30 23:31:48,687 - autoweb.scheduler - INFO - Action: Switched to: ● main.py - autoweb - Visual S...
2026-01-30 23:31:49,731 - autoweb.window_manager - INFO - Switched to window with handle 330048
2026-01-30 23:31:50,049 - autoweb.scheduler - INFO - Action: Switched to: 10.239.8.67 - Remote Desktop C...
2026-01-30 23:31:51,413 - autoweb.input_simulator - INFO - Left click at (1001, 43)
2026-01-30 23:31:51,414 - autoweb.input_simulator - INFO - Safe click at edge position (1133, 14)
2026-01-30 23:31:51,417 - autoweb.scheduler - INFO - Action: Safe click at (1133, 14) - edges only
2026-01-30 23:31:52,434 - autoweb.window_manager - INFO - Switched to window with handle 1773808
2026-01-30 23:31:52,741 - autoweb.scheduler - INFO - Action: Switched to: Sticky Notes...
2026-01-30 23:31:54,060 - autoweb.input_simulator - INFO - Random mouse movement to (1032, 150)
2026-01-30 23:31:54,062 - autoweb.scheduler - INFO - Action: Mouse moved to (1032, 150)
2026-01-30 23:31:55,382 - autoweb.input_simulator - INFO - Random mouse movement to (1462, 841)
2026-01-30 23:31:55,385 - autoweb.scheduler - INFO - Action: Mouse moved to (1462, 841)
2026-01-30 23:31:56,702 - autoweb.input_simulator - INFO - Random mouse movement to (108, 292)
2026-01-30 23:31:56,704 - autoweb.scheduler - INFO - Action: Mouse moved to (108, 292)
2026-01-30 23:31:58,017 - autoweb.input_simulator - INFO - Random mouse movement to (225, 1150)
2026-01-30 23:31:58,017 - autoweb.scheduler - INFO - Action: Mouse moved to (225, 1150)
2026-01-30 23:31:59,028 - autoweb.input_simulator - INFO - Executing Ctrl+Tab
2026-01-30 23:31:59,135 - autoweb.scheduler - INFO - Action: Switched tab (Ctrl+Tab)
2026-01-30 23:31:59,959 - __main__ - INFO - AutoWeb application closed
2026-01-30 23:32:00,147 - autoweb.window_manager - INFO - Switched to window 1510338 using thread attachment
2026-01-30 23:32:00,453 - autoweb.scheduler - INFO - Action: Switched to: Unknown...
2026-01-30 23:32:00,882 - autoweb.scheduler - INFO - Stopping scheduler...
2026-01-30 23:32:02,891 - autoweb.scheduler - WARNING - Thread did not stop gracefully
2026-01-30 23:32:02,891 - autoweb.scheduler - INFO - Scheduler stopped
2026-01-30 23:32:02,937 - autoweb.ui - INFO - Win+F12 hotkey unregistered
2026-01-30 23:32:03,050 - __main__ - INFO - AutoWeb application closed
2026-01-30 23:32:21,004 - __main__ - INFO - Set per-monitor DPI awareness
2026-01-30 23:32:21,005 - __main__ - INFO - Starting AutoWeb application
2026-01-30 23:32:21,107 - autoweb.window_manager - INFO - WindowManager initialized successfully
2026-01-30 23:32:21,107 - autoweb.input_simulator - INFO - InputSimulator initialized. Screen: 2560x1440
2026-01-30 23:32:21,107 - autoweb.scheduler - INFO - AutomationScheduler initialized
2026-01-30 23:32:21,741 - autoweb.ui - INFO - AutoWebApp initialized
2026-01-30 23:32:26,344 - autoweb.ui - INFO - Window transparency set to 1
2026-01-30 23:32:26,345 - autoweb.ui - INFO - Win+F12 hotkey registered
2026-01-30 23:32:26,375 - autoweb.scheduler - INFO - Automation loop started
2026-01-30 23:32:26,375 - autoweb.scheduler - INFO - Scheduler started
2026-01-30 23:32:26,377 - autoweb.scheduler - INFO - === Starting cycle 1 ===
2026-01-30 23:32:26,378 - autoweb.scheduler - INFO - Starting active phase for 300 seconds
2026-01-30 23:32:34,439 - autoweb.window_manager - INFO - Switched to window with handle 1705184
2026-01-30 23:32:34,742 - autoweb.scheduler - INFO - Action: Switched to: Microsoft Store...
2026-01-30 23:32:41,893 - autoweb.input_simulator - INFO - Executing Ctrl+Tab
2026-01-30 23:32:41,999 - autoweb.scheduler - INFO - Action: Switched tab (Ctrl+Tab)
2026-01-30 23:32:50,219 - autoweb.input_simulator - INFO - Random mouse movement to (2095, 1095)
2026-01-30 23:32:50,223 - autoweb.scheduler - INFO - Action: Mouse moved to (2095, 1095)
2026-01-30 23:32:56,059 - autoweb.input_simulator - INFO - Random mouse movement to (375, 145)
2026-01-30 23:32:56,061 - autoweb.scheduler - INFO - Action: Mouse moved to (375, 145)
2026-01-30 23:33:01,203 - autoweb.scheduler - INFO - Stopping scheduler...
2026-01-30 23:33:03,212 - autoweb.scheduler - WARNING - Thread did not stop gracefully
2026-01-30 23:33:03,239 - autoweb.scheduler - INFO - Scheduler stopped
2026-01-30 23:33:03,250 - autoweb.ui - INFO - Win+F12 hotkey unregistered
2026-01-30 23:33:03,327 - __main__ - INFO - AutoWeb application closed
2026-01-30 23:33:08,560 - __main__ - INFO - Set per-monitor DPI awareness
2026-01-30 23:33:08,563 - __main__ - INFO - Starting AutoWeb application
2026-01-30 23:33:08,638 - autoweb.window_manager - INFO - WindowManager initialized successfully
2026-01-30 23:33:08,641 - autoweb.input_simulator - INFO - InputSimulator initialized. Screen: 2560x1440
2026-01-30 23:33:08,643 - autoweb.scheduler - INFO - AutomationScheduler initialized
2026-01-30 23:33:09,031 - autoweb.ui - INFO - AutoWebApp initialized
2026-01-30 23:33:20,792 - autoweb.ui - INFO - Window transparency set to 1
2026-01-30 23:33:20,793 - autoweb.ui - INFO - Win+F12 hotkey registered
2026-01-30 23:33:20,823 - autoweb.scheduler - INFO - Automation loop started
2026-01-30 23:33:20,823 - autoweb.scheduler - INFO - Scheduler started
2026-01-30 23:33:20,825 - autoweb.scheduler - INFO - === Starting cycle 1 ===
2026-01-30 23:33:20,825 - autoweb.scheduler - INFO - Starting active phase for 300 seconds
2026-01-30 23:33:22,267 - autoweb.window_manager - INFO - Switched to window with handle 1573242
2026-01-30 23:33:22,571 - autoweb.scheduler - INFO - Action: Switched to: autoweb - File Explorer...
2026-01-30 23:33:24,196 - autoweb.input_simulator - INFO - Random mouse movement to (1533, 1115)
2026-01-30 23:33:24,200 - autoweb.scheduler - INFO - Action: Mouse moved to (1533, 1115)
2026-01-30 23:33:26,226 - autoweb.input_simulator - INFO - Random mouse movement to (920, 248)
2026-01-30 23:33:26,228 - autoweb.scheduler - INFO - Action: Mouse moved to (920, 248)
2026-01-30 23:33:27,652 - autoweb.input_simulator - INFO - Random mouse movement to (2435, 610)
2026-01-30 23:33:27,654 - autoweb.scheduler - INFO - Action: Mouse moved to (2435, 610)
2026-01-30 23:33:29,776 - autoweb.input_simulator - INFO - Executing Ctrl+Tab
2026-01-30 23:33:29,882 - autoweb.scheduler - INFO - Action: Switched tab (Ctrl+Tab)
2026-01-30 23:33:33,613 - autoweb.window_manager - INFO - Switched to window with handle 8850380
2026-01-30 23:33:33,924 - autoweb.scheduler - INFO - Action: Switched to: ● main.py - autoweb - Visual S...
2026-01-30 23:33:35,745 - autoweb.input_simulator - INFO - Scrolled down by 3 clicks
2026-01-30 23:33:35,750 - autoweb.scheduler - INFO - Action: Scrolled down in ● main.py - autoweb ...
2026-01-30 23:33:38,978 - autoweb.window_manager - INFO - Switched to window with handle 4327286
2026-01-30 23:33:39,286 - autoweb.scheduler - INFO - Action: Switched to: Home - File Explorer...
2026-01-30 23:33:42,114 - autoweb.input_simulator - INFO - Random mouse movement to (271, 52)
2026-01-30 23:33:42,114 - autoweb.scheduler - INFO - Action: Mouse moved to (271, 52)
2026-01-30 23:33:45,949 - autoweb.input_simulator - INFO - Random mouse movement to (2110, 657)
2026-01-30 23:33:45,952 - autoweb.scheduler - INFO - Action: Mouse moved to (2110, 657)
2026-01-30 23:33:50,004 - autoweb.window_manager - INFO - Switched to window with handle 7474984
2026-01-30 23:33:50,317 - autoweb.scheduler - INFO - Action: Switched to: Swagger UI - Work - Microsoft​...
2026-01-30 23:33:52,802 - autoweb.window_manager - INFO - Switched to window with handle 4327286
2026-01-30 23:33:53,115 - autoweb.scheduler - INFO - Action: Switched to: Home - File Explorer...
2026-01-30 23:33:56,748 - autoweb.window_manager - INFO - Switched to window 1510338 using thread attachment
2026-01-30 23:33:57,053 - autoweb.scheduler - INFO - Action: Switched to: Task View...
2026-01-30 23:34:00,502 - autoweb.window_manager - INFO - Switched to window 4524950 using thread attachment
2026-01-30 23:34:00,829 - autoweb.scheduler - INFO - Action: Switched to: Jump List for Python 3.14...
2026-01-30 23:34:01,276 - autoweb.scheduler - INFO - Stopping scheduler...
2026-01-30 23:34:03,289 - autoweb.scheduler - WARNING - Thread did not stop gracefully
2026-01-30 23:34:03,290 - autoweb.scheduler - INFO - Scheduler stopped
2026-01-30 23:34:03,293 - autoweb.ui - INFO - Win+F12 hotkey unregistered
2026-01-30 23:34:03,366 - __main__ - INFO - AutoWeb application closed
